This file contains any messages produced by compilers while
running configure, to aid debugging if configure makes a mistake.

It was created by mod_qos configure 9.0, which was
generated by GNU Autoconf 2.68.  Invocation command line was

  $ /var/tmp/portage/www-apache/mod_qos-10.9/work/mod_qos-10.9/tools/configure --with-ssl=no

## --------- ##
## Platform. ##
## --------- ##

hostname = workstation
uname -m = x86_64
uname -r = 3.4.4
uname -s = Linux
uname -v = #3 SMP Sun Jun 24 13:10:05 CEST 2012

/usr/bin/uname -p = Pentium(R) Dual-Core CPU E6300 @ 2.80GHz
/bin/uname -X     = unknown

/bin/arch              = unknown
/usr/bin/arch -k       = unknown
/usr/convex/getsysinfo = unknown
/usr/bin/hostinfo      = unknown
/bin/machine           = unknown
/usr/bin/oslevel       = unknown
/bin/universe          = unknown

PATH: /sbin
PATH: /bin
PATH: /usr/sbin
PATH: /usr/bin


## ----------- ##
## Core tests. ##
## ----------- ##

configure:2235: checking for a BSD-compatible install
configure:2303: result: /usr/bin/install -c
configure:2314: checking whether build environment is sane
configure:2364: result: yes
configure:2505: checking for a thread-safe mkdir -p
configure:2544: result: /bin/mkdir -p
configure:2557: checking for gawk
configure:2573: found /bin/gawk
configure:2584: result: gawk
configure:2595: checking whether make sets $(MAKE)
configure:2617: result: yes
configure:2749: checking for gcc
configure:2765: found /usr/bin/gcc
configure:2776: result: gcc
configure:3005: checking for C compiler version
configure:3014: gcc --version >&5
gcc (Gentoo 4.6.3 p1.3, pie-0.5.2) 4.6.3
Copyright (C) 2011 Free Software Foundation, Inc.
This is free software; see the source for copying conditions.  There is NO
warranty; not even for MERCHANTABILITY or FITNESS FOR A PARTICULAR PURPOSE.

configure:3025: $? = 0
configure:3014: gcc -v >&5
Using built-in specs.
COLLECT_GCC=/usr/x86_64-pc-linux-gnu/gcc-bin/4.6.3/gcc
COLLECT_LTO_WRAPPER=/usr/libexec/gcc/x86_64-pc-linux-gnu/4.6.3/lto-wrapper
Target: x86_64-pc-linux-gnu
Configured with: /var/tmp/portage/sys-devel/gcc-4.6.3/work/gcc-4.6.3/configure --prefix=/usr --bindir=/usr/x86_64-pc-linux-gnu/gcc-bin/4.6.3 --includedir=/usr/lib/gcc/x86_64-pc-linux-gnu/4.6.3/include --datadir=/usr/share/gcc-data/x86_64-pc-linux-gnu/4.6.3 --mandir=/usr/share/gcc-data/x86_64-pc-linux-gnu/4.6.3/man --infodir=/usr/share/gcc-data/x86_64-pc-linux-gnu/4.6.3/info --with-gxx-include-dir=/usr/lib/gcc/x86_64-pc-linux-gnu/4.6.3/include/g++-v4 --host=x86_64-pc-linux-gnu --build=x86_64-pc-linux-gnu --disable-altivec --disable-fixed-point --with-ppl --with-cloog --disable-ppl-version-check --with-cloog-include=/usr/include/cloog-ppl --enable-lto --disable-nls --with-system-zlib --enable-obsolete --disable-werror --enable-secureplt --enable-multilib --enable-libmudflap --disable-libssp --enable-libgomp --with-python-dir=/share/gcc-data/x86_64-pc-linux-gnu/4.6.3/python --enable-checking=release --disable-libgcj --enable-languages=c,c++,fortran --enable-shared --enable-threads=posix --enable-__cxa_atexit --enable-clocale=gnu --enable-targets=all --with-bugurl=http://bugs.gentoo.org/ --with-pkgversion='Gentoo 4.6.3 p1.3, pie-0.5.2'
Thread model: posix
gcc version 4.6.3 (Gentoo 4.6.3 p1.3, pie-0.5.2) 
configure:3025: $? = 0
configure:3014: gcc -V >&5
gcc: error: unrecognized option '-V'
gcc: fatal error: no input files
compilation terminated.
configure:3025: $? = 1
configure:3014: gcc -qversion >&5
gcc: error: unrecognized option '-qversion'
gcc: fatal error: no input files
compilation terminated.
configure:3025: $? = 1
configure:3045: checking whether the C compiler works
configure:3067: gcc    conftest.c  >&5
configure:3071: $? = 0
configure:3119: result: yes
configure:3122: checking for C compiler default output file name
configure:3124: result: a.out
configure:3130: checking for suffix of executables
configure:3137: gcc -o conftest    conftest.c  >&5
configure:3141: $? = 0
configure:3163: result: 
configure:3185: checking whether we are cross compiling
configure:3193: gcc -o conftest    conftest.c  >&5
configure:3197: $? = 0
configure:3204: ./conftest
configure:3208: $? = 0
configure:3223: result: no
configure:3228: checking for suffix of object files
configure:3250: gcc -c   conftest.c >&5
configure:3254: $? = 0
configure:3275: result: o
configure:3279: checking whether we are using the GNU C compiler
configure:3298: gcc -c   conftest.c >&5
configure:3298: $? = 0
configure:3307: result: yes
configure:3316: checking whether gcc accepts -g
configure:3336: gcc -c -g  conftest.c >&5
configure:3336: $? = 0
configure:3377: result: yes
configure:3394: checking for gcc option to accept ISO C89
configure:3458: gcc  -c -g -O2  conftest.c >&5
configure:3458: $? = 0
configure:3471: result: none needed
configure:3502: checking for style of include used by make
configure:3530: result: GNU
configure:3555: checking dependency style of gcc
configure:3665: result: gcc3
configure:3690: checking how to run the C preprocessor
configure:3721: gcc -E  conftest.c
configure:3721: $? = 0
configure:3735: gcc -E  conftest.c
conftest.c:11:28: fatal error: ac_nonexistent.h: No such file or directory
compilation terminated.
configure:3735: $? = 1
configure: failed program was:
| /* confdefs.h */
| #define PACKAGE_NAME "mod_qos"
| #define PACKAGE_TARNAME "mod_qos"
| #define PACKAGE_VERSION "9.0"
| #define PACKAGE_STRING "mod_qos 9.0"
| #define PACKAGE_BUGREPORT "pbuchbinder@users.sourceforge.net"
| #define PACKAGE_URL ""
| #define PACKAGE "mod_qos"
| #define VERSION "9.0"
| /* end confdefs.h.  */
| #include <ac_nonexistent.h>
configure:3760: result: gcc -E
configure:3780: gcc -E  conftest.c
configure:3780: $? = 0
configure:3794: gcc -E  conftest.c
conftest.c:11:28: fatal error: ac_nonexistent.h: No such file or directory
compilation terminated.
configure:3794: $? = 1
configure: failed program was:
| /* confdefs.h */
| #define PACKAGE_NAME "mod_qos"
| #define PACKAGE_TARNAME "mod_qos"
| #define PACKAGE_VERSION "9.0"
| #define PACKAGE_STRING "mod_qos 9.0"
| #define PACKAGE_BUGREPORT "pbuchbinder@users.sourceforge.net"
| #define PACKAGE_URL ""
| #define PACKAGE "mod_qos"
| #define VERSION "9.0"
| /* end confdefs.h.  */
| #include <ac_nonexistent.h>
configure:3823: checking for grep that handles long lines and -e
configure:3881: result: /bin/grep
configure:3886: checking for egrep
configure:3948: result: /bin/grep -E
configure:3953: checking for ANSI C header files
configure:3973: gcc -c -g -O2  conftest.c >&5
configure:3973: $? = 0
configure:4046: gcc -o conftest -g -O2   conftest.c  >&5
configure:4046: $? = 0
configure:4046: ./conftest
configure:4046: $? = 0
configure:4057: result: yes
configure:4070: checking for sys/types.h
configure:4070: gcc -c -g -O2  conftest.c >&5
configure:4070: $? = 0
configure:4070: result: yes
configure:4070: checking for sys/stat.h
configure:4070: gcc -c -g -O2  conftest.c >&5
configure:4070: $? = 0
configure:4070: result: yes
configure:4070: checking for stdlib.h
configure:4070: gcc -c -g -O2  conftest.c >&5
configure:4070: $? = 0
configure:4070: result: yes
configure:4070: checking for string.h
configure:4070: gcc -c -g -O2  conftest.c >&5
configure:4070: $? = 0
configure:4070: result: yes
configure:4070: checking for memory.h
configure:4070: gcc -c -g -O2  conftest.c >&5
configure:4070: $? = 0
configure:4070: result: yes
configure:4070: checking for strings.h
configure:4070: gcc -c -g -O2  conftest.c >&5
configure:4070: $? = 0
configure:4070: result: yes
configure:4070: checking for inttypes.h
configure:4070: gcc -c -g -O2  conftest.c >&5
configure:4070: $? = 0
configure:4070: result: yes
configure:4070: checking for stdint.h
configure:4070: gcc -c -g -O2  conftest.c >&5
configure:4070: $? = 0
configure:4070: result: yes
configure:4070: checking for unistd.h
configure:4070: gcc -c -g -O2  conftest.c >&5
configure:4070: $? = 0
configure:4070: result: yes
configure:4085: checking fcntl.h usability
configure:4085: gcc -c -g -O2  conftest.c >&5
configure:4085: $? = 0
configure:4085: result: yes
configure:4085: checking fcntl.h presence
configure:4085: gcc -E  conftest.c
configure:4085: $? = 0
configure:4085: result: yes
configure:4085: checking for fcntl.h
configure:4085: result: yes
configure:4085: checking netdb.h usability
configure:4085: gcc -c -g -O2  conftest.c >&5
configure:4085: $? = 0
configure:4085: result: yes
configure:4085: checking netdb.h presence
configure:4085: gcc -E  conftest.c
configure:4085: $? = 0
configure:4085: result: yes
configure:4085: checking for netdb.h
configure:4085: result: yes
configure:4085: checking for stdlib.h
configure:4085: result: yes
configure:4085: checking for string.h
configure:4085: result: yes
configure:4085: checking for strings.h
configure:4085: result: yes
configure:4085: checking sys/socket.h usability
configure:4085: gcc -c -g -O2  conftest.c >&5
configure:4085: $? = 0
configure:4085: result: yes
configure:4085: checking sys/socket.h presence
configure:4085: gcc -E  conftest.c
configure:4085: $? = 0
configure:4085: result: yes
configure:4085: checking for sys/socket.h
configure:4085: result: yes
configure:4085: checking for unistd.h
configure:4085: result: yes
configure:4097: checking for pid_t
configure:4097: gcc -c -g -O2  conftest.c >&5
configure:4097: $? = 0
configure:4097: gcc -c -g -O2  conftest.c >&5
conftest.c: In function 'main':
conftest.c:64:20: error: expected expression before ')' token
configure:4097: $? = 1
configure: failed program was:
| /* confdefs.h */
| #define PACKAGE_NAME "mod_qos"
| #define PACKAGE_TARNAME "mod_qos"
| #define PACKAGE_VERSION "9.0"
| #define PACKAGE_STRING "mod_qos 9.0"
| #define PACKAGE_BUGREPORT "pbuchbinder@users.sourceforge.net"
| #define PACKAGE_URL ""
| #define PACKAGE "mod_qos"
| #define VERSION "9.0"
| #define STDC_HEADERS 1
| #define HAVE_SYS_TYPES_H 1
| #define HAVE_SYS_STAT_H 1
| #define HAVE_STDLIB_H 1
| #define HAVE_STRING_H 1
| #define HAVE_MEMORY_H 1
| #define HAVE_STRINGS_H 1
| #define HAVE_INTTYPES_H 1
| #define HAVE_STDINT_H 1
| #define HAVE_UNISTD_H 1
| #define HAVE_FCNTL_H 1
| #define HAVE_NETDB_H 1
| #define HAVE_STDLIB_H 1
| #define HAVE_STRING_H 1
| #define HAVE_STRINGS_H 1
| #define HAVE_SYS_SOCKET_H 1
| #define HAVE_UNISTD_H 1
| /* end confdefs.h.  */
| #include <stdio.h>
| #ifdef HAVE_SYS_TYPES_H
| # include <sys/types.h>
| #endif
| #ifdef HAVE_SYS_STAT_H
| # include <sys/stat.h>
| #endif
| #ifdef STDC_HEADERS
| # include <stdlib.h>
| # include <stddef.h>
| #else
| # ifdef HAVE_STDLIB_H
| #  include <stdlib.h>
| # endif
| #endif
| #ifdef HAVE_STRING_H
| # if !defined STDC_HEADERS && defined HAVE_MEMORY_H
| #  include <memory.h>
| # endif
| # include <string.h>
| #endif
| #ifdef HAVE_STRINGS_H
| # include <strings.h>
| #endif
| #ifdef HAVE_INTTYPES_H
| # include <inttypes.h>
| #endif
| #ifdef HAVE_STDINT_H
| # include <stdint.h>
| #endif
| #ifdef HAVE_UNISTD_H
| # include <unistd.h>
| #endif
| int
| main ()
| {
| if (sizeof ((pid_t)))
| 	    return 0;
|   ;
|   return 0;
| }
configure:4097: result: yes
configure:4108: checking for uid_t in sys/types.h
configure:4127: result: yes
configure:4142: checking vfork.h usability
configure:4142: gcc -c -g -O2  conftest.c >&5
conftest.c:61:19: fatal error: vfork.h: No such file or directory
compilation terminated.
configure:4142: $? = 1
configure: failed program was:
| /* confdefs.h */
| #define PACKAGE_NAME "mod_qos"
| #define PACKAGE_TARNAME "mod_qos"
| #define PACKAGE_VERSION "9.0"
| #define PACKAGE_STRING "mod_qos 9.0"
| #define PACKAGE_BUGREPORT "pbuchbinder@users.sourceforge.net"
| #define PACKAGE_URL ""
| #define PACKAGE "mod_qos"
| #define VERSION "9.0"
| #define STDC_HEADERS 1
| #define HAVE_SYS_TYPES_H 1
| #define HAVE_SYS_STAT_H 1
| #define HAVE_STDLIB_H 1
| #define HAVE_STRING_H 1
| #define HAVE_MEMORY_H 1
| #define HAVE_STRINGS_H 1
| #define HAVE_INTTYPES_H 1
| #define HAVE_STDINT_H 1
| #define HAVE_UNISTD_H 1
| #define HAVE_FCNTL_H 1
| #define HAVE_NETDB_H 1
| #define HAVE_STDLIB_H 1
| #define HAVE_STRING_H 1
| #define HAVE_STRINGS_H 1
| #define HAVE_SYS_SOCKET_H 1
| #define HAVE_UNISTD_H 1
| /* end confdefs.h.  */
| #include <stdio.h>
| #ifdef HAVE_SYS_TYPES_H
| # include <sys/types.h>
| #endif
| #ifdef HAVE_SYS_STAT_H
| # include <sys/stat.h>
| #endif
| #ifdef STDC_HEADERS
| # include <stdlib.h>
| # include <stddef.h>
| #else
| # ifdef HAVE_STDLIB_H
| #  include <stdlib.h>
| # endif
| #endif
| #ifdef HAVE_STRING_H
| # if !defined STDC_HEADERS && defined HAVE_MEMORY_H
| #  include <memory.h>
| # endif
| # include <string.h>
| #endif
| #ifdef HAVE_STRINGS_H
| # include <strings.h>
| #endif
| #ifdef HAVE_INTTYPES_H
| # include <inttypes.h>
| #endif
| #ifdef HAVE_STDINT_H
| # include <stdint.h>
| #endif
| #ifdef HAVE_UNISTD_H
| # include <unistd.h>
| #endif
| #include <vfork.h>
configure:4142: result: no
configure:4142: checking vfork.h presence
configure:4142: gcc -E  conftest.c
conftest.c:28:19: fatal error: vfork.h: No such file or directory
compilation terminated.
configure:4142: $? = 1
configure: failed program was:
| /* confdefs.h */
| #define PACKAGE_NAME "mod_qos"
| #define PACKAGE_TARNAME "mod_qos"
| #define PACKAGE_VERSION "9.0"
| #define PACKAGE_STRING "mod_qos 9.0"
| #define PACKAGE_BUGREPORT "pbuchbinder@users.sourceforge.net"
| #define PACKAGE_URL ""
| #define PACKAGE "mod_qos"
| #define VERSION "9.0"
| #define STDC_HEADERS 1
| #define HAVE_SYS_TYPES_H 1
| #define HAVE_SYS_STAT_H 1
| #define HAVE_STDLIB_H 1
| #define HAVE_STRING_H 1
| #define HAVE_MEMORY_H 1
| #define HAVE_STRINGS_H 1
| #define HAVE_INTTYPES_H 1
| #define HAVE_STDINT_H 1
| #define HAVE_UNISTD_H 1
| #define HAVE_FCNTL_H 1
| #define HAVE_NETDB_H 1
| #define HAVE_STDLIB_H 1
| #define HAVE_STRING_H 1
| #define HAVE_STRINGS_H 1
| #define HAVE_SYS_SOCKET_H 1
| #define HAVE_UNISTD_H 1
| /* end confdefs.h.  */
| #include <vfork.h>
configure:4142: result: no
configure:4142: checking for vfork.h
configure:4142: result: no
configure:4155: checking for fork
configure:4155: gcc -o conftest -g -O2   conftest.c  >&5
conftest.c:51:6: warning: conflicting types for built-in function 'fork' [enabled by default]
configure:4155: $? = 0
configure:4155: result: yes
configure:4155: checking for vfork
configure:4155: gcc -o conftest -g -O2   conftest.c  >&5
configure:4155: $? = 0
configure:4155: result: yes
configure:4165: checking for working fork
configure:4187: gcc -o conftest -g -O2   conftest.c  >&5
configure:4187: $? = 0
configure:4187: ./conftest
configure:4187: $? = 0
configure:4197: result: yes
configure:4218: checking for working vfork
configure:4328: result: yes
configure:4355: checking for stdlib.h
configure:4355: result: yes
configure:4365: checking for GNU libc compatible malloc
configure:4389: gcc -o conftest -g -O2   conftest.c  >&5
configure:4389: $? = 0
configure:4389: ./conftest
configure:4389: $? = 0
configure:4399: result: yes
configure:4423: checking for ftruncate
configure:4423: gcc -o conftest -g -O2   conftest.c  >&5
configure:4423: $? = 0
configure:4423: result: yes
configure:4423: checking for gethostbyname
configure:4423: gcc -o conftest -g -O2   conftest.c  >&5
configure:4423: $? = 0
configure:4423: result: yes
configure:4423: checking for memset
configure:4423: gcc -o conftest -g -O2   conftest.c  >&5
conftest.c:59:6: warning: conflicting types for built-in function 'memset' [enabled by default]
configure:4423: $? = 0
configure:4423: result: yes
configure:4423: checking for regcomp
configure:4423: gcc -o conftest -g -O2   conftest.c  >&5
configure:4423: $? = 0
configure:4423: result: yes
configure:4423: checking for select
configure:4423: gcc -o conftest -g -O2   conftest.c  >&5
configure:4423: $? = 0
configure:4423: result: yes
configure:4423: checking for socket
configure:4423: gcc -o conftest -g -O2   conftest.c  >&5
configure:4423: $? = 0
configure:4423: result: yes
configure:4423: checking for strchr
configure:4423: gcc -o conftest -g -O2   conftest.c  >&5
conftest.c:63:6: warning: conflicting types for built-in function 'strchr' [enabled by default]
configure:4423: $? = 0
configure:4423: result: yes
configure:4423: checking for strerror
configure:4423: gcc -o conftest -g -O2   conftest.c  >&5
configure:4423: $? = 0
configure:4423: result: yes
configure:4423: checking for strrchr
configure:4423: gcc -o conftest -g -O2   conftest.c  >&5
conftest.c:65:6: warning: conflicting types for built-in function 'strrchr' [enabled by default]
configure:4423: $? = 0
configure:4423: result: yes
configure:4423: checking for strstr
configure:4423: gcc -o conftest -g -O2   conftest.c  >&5
conftest.c:66:6: warning: conflicting types for built-in function 'strstr' [enabled by default]
configure:4423: $? = 0
configure:4423: result: yes
configure:4485: error: no is not a directory

## ---------------- ##
## Cache variables. ##
## ---------------- ##

ac_cv_c_compiler_gnu=yes
ac_cv_env_CC_set=
ac_cv_env_CC_value=
ac_cv_env_CFLAGS_set=
ac_cv_env_CFLAGS_value=
ac_cv_env_CPPFLAGS_set=
ac_cv_env_CPPFLAGS_value=
ac_cv_env_CPP_set=
ac_cv_env_CPP_value=
ac_cv_env_LDFLAGS_set=
ac_cv_env_LDFLAGS_value=
ac_cv_env_LIBS_set=
ac_cv_env_LIBS_value=
ac_cv_env_build_alias_set=
ac_cv_env_build_alias_value=
ac_cv_env_host_alias_set=
ac_cv_env_host_alias_value=
ac_cv_env_target_alias_set=
ac_cv_env_target_alias_value=
ac_cv_func_fork=yes
ac_cv_func_fork_works=yes
ac_cv_func_ftruncate=yes
ac_cv_func_gethostbyname=yes
ac_cv_func_malloc_0_nonnull=yes
ac_cv_func_memset=yes
ac_cv_func_regcomp=yes
ac_cv_func_select=yes
ac_cv_func_socket=yes
ac_cv_func_strchr=yes
ac_cv_func_strerror=yes
ac_cv_func_strrchr=yes
ac_cv_func_strstr=yes
ac_cv_func_vfork=yes
ac_cv_func_vfork_works=yes
ac_cv_header_fcntl_h=yes
ac_cv_header_inttypes_h=yes
ac_cv_header_memory_h=yes
ac_cv_header_netdb_h=yes
ac_cv_header_stdc=yes
ac_cv_header_stdint_h=yes
ac_cv_header_stdlib_h=yes
ac_cv_header_string_h=yes
ac_cv_header_strings_h=yes
ac_cv_header_sys_socket_h=yes
ac_cv_header_sys_stat_h=yes
ac_cv_header_sys_types_h=yes
ac_cv_header_unistd_h=yes
ac_cv_header_vfork_h=no
ac_cv_objext=o
ac_cv_path_EGREP='/bin/grep -E'
ac_cv_path_GREP=/bin/grep
ac_cv_path_install='/usr/bin/install -c'
ac_cv_path_mkdir=/bin/mkdir
ac_cv_prog_AWK=gawk
ac_cv_prog_CPP='gcc -E'
ac_cv_prog_ac_ct_CC=gcc
ac_cv_prog_cc_c89=
ac_cv_prog_cc_g=yes
ac_cv_prog_make_make_set=yes
ac_cv_type_pid_t=yes
ac_cv_type_uid_t=yes
am_cv_CC_dependencies_compiler_type=gcc3

## ----------------- ##
## Output variables. ##
## ----------------- ##

ACLOCAL='${SHELL} /var/tmp/portage/www-apache/mod_qos-10.9/work/mod_qos-10.9/tools/missing --run aclocal-1.11'
AMDEPBACKSLASH='\'
AMDEP_FALSE='#'
AMDEP_TRUE=''
AMTAR='${SHELL} /var/tmp/portage/www-apache/mod_qos-10.9/work/mod_qos-10.9/tools/missing --run tar'
AUTOCONF='${SHELL} /var/tmp/portage/www-apache/mod_qos-10.9/work/mod_qos-10.9/tools/missing --run autoconf'
AUTOHEADER='${SHELL} /var/tmp/portage/www-apache/mod_qos-10.9/work/mod_qos-10.9/tools/missing --run autoheader'
AUTOMAKE='${SHELL} /var/tmp/portage/www-apache/mod_qos-10.9/work/mod_qos-10.9/tools/missing --run automake-1.11'
AWK='gawk'
CC='gcc'
CCDEPMODE='depmode=gcc3'
CFLAGS='-g -O2'
CPP='gcc -E'
CPPFLAGS=''
CYGPATH_W='echo'
DEFS=''
DEPDIR='.deps'
ECHO_C=''
ECHO_N='-n'
ECHO_T=''
EGREP='/bin/grep -E'
EXEEXT=''
GREP='/bin/grep'
INSTALL_DATA='${INSTALL} -m 644'
INSTALL_PROGRAM='${INSTALL}'
INSTALL_SCRIPT='${INSTALL}'
INSTALL_STRIP_PROGRAM='$(install_sh) -c -s'
LDFLAGS=''
LIBOBJS=''
LIBS=''
LTLIBOBJS=''
MAKEINFO='${SHELL} /var/tmp/portage/www-apache/mod_qos-10.9/work/mod_qos-10.9/tools/missing --run makeinfo'
MKDIR_P='/bin/mkdir -p'
OBJEXT='o'
PACKAGE='mod_qos'
PACKAGE_BUGREPORT='pbuchbinder@users.sourceforge.net'
PACKAGE_NAME='mod_qos'
PACKAGE_STRING='mod_qos 9.0'
PACKAGE_TARNAME='mod_qos'
PACKAGE_URL=''
PACKAGE_VERSION='9.0'
PATH_SEPARATOR=':'
SET_MAKE=''
SHELL='/bin/sh'
STRIP=''
VERSION='9.0'
ac_ct_CC='gcc'
am__EXEEXT_FALSE=''
am__EXEEXT_TRUE=''
am__fastdepCC_FALSE='#'
am__fastdepCC_TRUE=''
am__include='include'
am__isrc=' -I$(srcdir)'
am__leading_dot='.'
am__quote=''
am__tar='${AMTAR} chof - "$$tardir"'
am__untar='${AMTAR} xf -'
bindir='${exec_prefix}/bin'
build_alias=''
datadir='${datarootdir}'
datarootdir='${prefix}/share'
docdir='${datarootdir}/doc/${PACKAGE_TARNAME}'
dvidir='${docdir}'
exec_prefix='NONE'
host_alias=''
htmldir='${docdir}'
includedir='${prefix}/include'
infodir='${datarootdir}/info'
install_sh='${SHELL} /var/tmp/portage/www-apache/mod_qos-10.9/work/mod_qos-10.9/tools/install-sh'
libdir='${exec_prefix}/lib'
libexecdir='${exec_prefix}/libexec'
localedir='${datarootdir}/locale'
localstatedir='${prefix}/var'
mandir='${datarootdir}/man'
mkdir_p='/bin/mkdir -p'
oldincludedir='/usr/include'
pdfdir='${docdir}'
prefix='NONE'
program_transform_name='s,x,x,'
psdir='${docdir}'
sbindir='${exec_prefix}/sbin'
sharedstatedir='${prefix}/com'
sysconfdir='${prefix}/etc'
target_alias=''

## ----------- ##
## confdefs.h. ##
## ----------- ##

/* confdefs.h */
#define PACKAGE_NAME "mod_qos"
#define PACKAGE_TARNAME "mod_qos"
#define PACKAGE_VERSION "9.0"
#define PACKAGE_STRING "mod_qos 9.0"
#define PACKAGE_BUGREPORT "pbuchbinder@users.sourceforge.net"
#define PACKAGE_URL ""
#define PACKAGE "mod_qos"
#define VERSION "9.0"
#define STDC_HEADERS 1
#define HAVE_SYS_TYPES_H 1
#define HAVE_SYS_STAT_H 1
#define HAVE_STDLIB_H 1
#define HAVE_STRING_H 1
#define HAVE_MEMORY_H 1
#define HAVE_STRINGS_H 1
#define HAVE_INTTYPES_H 1
#define HAVE_STDINT_H 1
#define HAVE_UNISTD_H 1
#define HAVE_FCNTL_H 1
#define HAVE_NETDB_H 1
#define HAVE_STDLIB_H 1
#define HAVE_STRING_H 1
#define HAVE_STRINGS_H 1
#define HAVE_SYS_SOCKET_H 1
#define HAVE_UNISTD_H 1
#define HAVE_FORK 1
#define HAVE_VFORK 1
#define HAVE_WORKING_VFORK 1
#define HAVE_WORKING_FORK 1
#define HAVE_STDLIB_H 1
#define HAVE_MALLOC 1
#define HAVE_FTRUNCATE 1
#define HAVE_GETHOSTBYNAME 1
#define HAVE_MEMSET 1
#define HAVE_REGCOMP 1
#define HAVE_SELECT 1
#define HAVE_SOCKET 1
#define HAVE_STRCHR 1
#define HAVE_STRERROR 1
#define HAVE_STRRCHR 1
#define HAVE_STRSTR 1

configure: exit 1
